<?xml version="1.0" encoding="UTF-8" ?>
<testsuites id="2026-05-27" name="report_1" tests="23" failures="0" skipped="0" flaky="0" time="0.000">
	<testsuite id="0" name="test_modelos_nakama" package="src/test" timestamp="2026-05-28T01:18:35" hostname="localhost" tests="23" failures="0" errors="0" skipped="0" flaky="0" time="0.594">
		<testcase name="test_aluno_model_valores_padrao" classname="test_modelos_nakama" time="0.008">
		</testcase>
		<testcase name="test_aluno_model_gera_json_valido" classname="test_modelos_nakama" time="0.007">
		</testcase>
		<testcase name="test_aluno_model_exportar_dicionario_chaves" classname="test_modelos_nakama" time="0.008">
		</testcase>
		<testcase name="test_aluno_persistir_no_nakama" classname="test_modelos_nakama" time="0.119">
		</testcase>
		<testcase name="test_professor_model_valores_padrao" classname="test_modelos_nakama" time="0.007">
		</testcase>
		<testcase name="test_professor_model_gera_json_valido" classname="test_modelos_nakama" time="0.007">
		</testcase>
		<testcase name="test_professor_model_exportar_dicionario_chaves" classname="test_modelos_nakama" time="0.006">
		</testcase>
		<testcase name="test_professor_persistir_no_nakama" classname="test_modelos_nakama" time="0.070">
		</testcase>
		<testcase name="test_partida_match3_valores_padrao" classname="test_modelos_nakama" time="0.007">
		</testcase>
		<testcase name="test_partida_match3_gera_json_valido" classname="test_modelos_nakama" time="0.008">
		</testcase>
		<testcase name="test_partida_match3_exportar_dicionario_chaves" classname="test_modelos_nakama" time="0.006">
		</testcase>
		<testcase name="test_partida_match3_valores_corretos_no_dicionario" classname="test_modelos_nakama" time="0.007">
		</testcase>
		<testcase name="test_partida_persistir_no_nakama" classname="test_modelos_nakama" time="0.070">
		</testcase>
		<testcase name="test_lobby_sessao_valores_padrao" classname="test_modelos_nakama" time="0.008">
		</testcase>
		<testcase name="test_lobby_sessao_gera_json_valido" classname="test_modelos_nakama" time="0.007">
		</testcase>
		<testcase name="test_lobby_sessao_exportar_dicionario_chaves" classname="test_modelos_nakama" time="0.007">
		</testcase>
		<testcase name="test_lobby_sessao_status_ativo_correto" classname="test_modelos_nakama" time="0.007">
		</testcase>
		<testcase name="test_lobby_persistir_no_nakama" classname="test_modelos_nakama" time="0.075">
		</testcase>
		<testcase name="test_desafio_quiz_valores_padrao" classname="test_modelos_nakama" time="0.007">
		</testcase>
		<testcase name="test_desafio_quiz_gera_json_valido" classname="test_modelos_nakama" time="0.007">
		</testcase>
		<testcase name="test_desafio_quiz_exportar_dicionario_chaves" classname="test_modelos_nakama" time="0.007">
		</testcase>
		<testcase name="test_desafio_quiz_valores_corretos_no_dicionario" classname="test_modelos_nakama" time="0.008">
		</testcase>
		<testcase name="test_desafio_quiz_persistir_no_nakama" classname="test_modelos_nakama" time="0.050">
		</testcase>
	</testsuite>
</testsuites>
